2026-01-27 05:47:55 START
- RSS取得: Success (OK)
- 全件: 214 items
- Filtered: 48 items
- Translated/Processed: 48 items
- Manifest Updated: 2 dates available
- JSON生成: OK
- Deploy: OK (Scheduled via Actions)
2026-01-27 05:49:19 END

2026-01-27 19:18:55 START
- RSS取得: Success (OK)
- 全件: 191 items
- Filtered: 44 items
- Translated/Processed: 44 items
- Manifest Updated: 2 dates available
- JSON生成: OK
- Deploy: OK (Scheduled via Actions)
2026-01-27 19:20:11 END

2026-01-28 06:50:11 START
- RSS取得: Success (OK)
- 全件: 195 items
- Filtered: 110 items
- Translated/Processed: 110 items
- Manifest Updated: 2 dates available
- JSON生成: OK
- Deploy: OK (Scheduled via Actions)
2026-01-28 06:50:27 END

2026-01-28 19:17:43 START
- RSS取得: Success (OK)
- 全件: 214 items
- Filtered: 120 items
- Translated/Processed: 120 items
- Manifest Updated: 2 dates available
- JSON生成: OK
- Deploy: OK (Scheduled via Actions)
2026-01-28 19:18:01 END

2026-01-29 05:09:55 START
- RSS取得: Success (OK)
- 全件: 213 items
- Filtered: 120 items
- Translated/Processed: 120 items
- Manifest Updated: 2 dates available
- JSON生成: OK
- Deploy: OK (Scheduled via Actions)
2026-01-29 05:14:41 END

2026-01-29 19:22:55 START
- RSS取得: Success (OK)
- 全件: 208 items
- Filtered: 120 items
- Translated/Processed: 120 items
- Manifest Updated: 2 dates available
- JSON生成: OK
- Deploy: OK (Scheduled via Actions)
2026-01-29 19:28:37 END

2026-01-30 19:23:26 START
- RSS取得: Success (OK)
- 全件: 192 items
- Filtered: 110 items
- Translated/Processed: 110 items
- Manifest Updated: 2 dates available
- JSON生成: OK
- Deploy: OK (Scheduled via Actions)
2026-01-30 19:27:59 END

2026-01-31 19:12:20 START
- RSS取得: Success (OK)
- 全件: 216 items
- Filtered: 120 items
- Translated/Processed: 120 items
- Manifest Updated: 2 dates available
- JSON生成: OK
- Deploy: OK (Scheduled via Actions)
2026-01-31 19:17:07 END

2026-02-01 19:15:44 START
- RSS取得: Success (OK)
- 全件: 218 items
- Filtered: 120 items
- Translated/Processed: 120 items
- Manifest Updated: 2 dates available
- JSON生成: OK
- Deploy: OK (Scheduled via Actions)
2026-02-01 19:20:24 END

2026-02-03 03:03:39 START
- RSS取得: Success (OK)
- 全件: 192 items
- Filtered: 110 items
- Translated/Processed: 110 items
- Manifest Updated: 3 dates available
- JSON生成: OK
- Deploy: OK (Scheduled via Actions)
2026-02-03 03:08:29 END

2026-02-03 03:53:57 START
- RSS取得: Success (OK)
- 全件: 211 items
- Filtered: 24 items
- Translated/Processed: 24 items
- Manifest Updated: 5 dates available
- JSON生成: OK
- Deploy: OK (Scheduled via Actions)
2026-02-03 03:56:09 END

2026-02-03 10:37:12 START
- RSS取得: Success (OK)
- 全件: 212 items
- Filtered: 24 items
- Translated/Processed: 24 items
- Manifest Updated: 5 dates available
- JSON生成: OK
- Deploy: OK (Scheduled via Actions)
2026-02-03 10:40:29 END

2026-02-03 10:41:20 START
- RSS取得: Success (OK)
- 全件: 212 items
- Filtered: 24 items
- Translated/Processed: 24 items
- Manifest Updated: 5 dates available
- JSON生成: OK
- Deploy: OK (Scheduled via Actions)
2026-02-03 10:44:51 END

2026-02-03 10:45:36 START
- RSS取得: Success (OK)
- 全件: 192 items
- Filtered: 22 items
2026-02-03 10:46:16 START
- RSS取得: Success (OK)
- 全件: 212 items
- Filtered: 24 items
- Translated/Processed: 22 items
- Translated/Processed: 24 items
- Manifest Updated: 5 dates available
- JSON生成: OK
- Deploy: OK (Scheduled via Actions)
2026-02-03 10:48:54 END

- Manifest Updated: 5 dates available
- JSON生成: OK
- Deploy: OK (Scheduled via Actions)
2026-02-03 10:49:15 END

2026-02-03 11:06:26 START
- RSS取得: Success (OK)
- 全件: 212 items
- Filtered: 24 items
- Translated/Processed: 24 items
- Manifest Updated: 5 dates available
- JSON生成: OK
- Deploy: OK (Scheduled via Actions)
2026-02-03 11:09:38 END

2026-02-04 19:31:26 START
- RSS取得: Success (OK)
- 全件: 210 items
- Filtered: 120 items
- Translated/Processed: 120 items
- Manifest Updated: 7 dates available
- JSON生成: OK
- Deploy: OK (Scheduled via Actions)
2026-02-04 19:37:06 END

2026-02-05 19:30:39 START
- RSS取得: Success (OK)
- 全件: 213 items
- Filtered: 120 items
- Translated/Processed: 120 items
- Manifest Updated: 8 dates available
- JSON生成: OK
- Deploy: OK (Scheduled via Actions)
2026-02-05 19:36:51 END

2026-02-06 19:30:11 START
- RSS取得: Success (OK)
- 全件: 214 items
- Filtered: 120 items
- Translated/Processed: 120 items
- Manifest Updated: 9 dates available
- JSON生成: OK
- Deploy: OK (Scheduled via Actions)
2026-02-06 19:37:24 END

2026-02-07 19:15:11 START
- RSS取得: Success (OK)
- 全件: 215 items
- Filtered: 120 items
- Translated/Processed: 120 items
- Manifest Updated: 10 dates available
- JSON生成: OK
- Deploy: OK (Scheduled via Actions)
2026-02-07 19:20:37 END

2026-02-08 19:16:57 START
- RSS取得: Success (OK)
- 全件: 215 items
- Filtered: 120 items
- Translated/Processed: 120 items
- Manifest Updated: 11 dates available
- JSON生成: OK
- Deploy: OK (Scheduled via Actions)
2026-02-08 19:22:07 END

2026-02-09 19:55:49 START
- RSS取得: Success (OK)
- 全件: 215 items
- Filtered: 120 items
- Translated/Processed: 120 items
- Manifest Updated: 12 dates available
- JSON生成: OK
- Deploy: OK (Scheduled via Actions)
2026-02-09 20:01:24 END

2026-02-10 19:53:13 START
- RSS取得: Success (OK)
- 全件: 220 items
- Filtered: 120 items
- Translated/Processed: 120 items
- Manifest Updated: 13 dates available
- JSON生成: OK
- Deploy: OK (Scheduled via Actions)
2026-02-10 20:00:28 END

2026-02-11 19:48:10 START
- RSS取得: Success (OK)
- 全件: 195 items
- Filtered: 110 items
- Translated/Processed: 110 items
- Manifest Updated: 14 dates available
- JSON生成: OK
- Deploy: OK (Scheduled via Actions)
2026-02-11 19:53:20 END

2026-02-12 19:42:42 START
- RSS取得: Success (OK)
- 全件: 196 items
- Filtered: 110 items
- Translated/Processed: 110 items
- Manifest Updated: 15 dates available
- JSON生成: OK
- Deploy: OK (Scheduled via Actions)
2026-02-12 19:48:21 END

2026-02-13 19:33:49 START
- RSS取得: Success (OK)
- 全件: 195 items
- Filtered: 110 items
- Translated/Processed: 110 items
- Manifest Updated: 16 dates available
- JSON生成: OK
- Deploy: OK (Scheduled via Actions)
2026-02-13 19:39:03 END

2026-02-14 19:14:55 START
- RSS取得: Success (OK)
- 全件: 200 items
- Filtered: 110 items
- Translated/Processed: 110 items
- Manifest Updated: 17 dates available
- JSON生成: OK
- Deploy: OK (Scheduled via Actions)
2026-02-14 19:21:29 END

2026-02-15 19:16:24 START
- RSS取得: Success (OK)
- 全件: 199 items
- Filtered: 110 items
- Translated/Processed: 110 items
- Manifest Updated: 18 dates available
- JSON生成: OK
- Deploy: OK (Scheduled via Actions)
2026-02-15 19:21:35 END

2026-02-16 19:25:01 START
- RSS取得: Success (OK)
- 全件: 192 items
- Filtered: 110 items
- Translated/Processed: 110 items
- Manifest Updated: 19 dates available
- JSON生成: OK
- Deploy: OK (Scheduled via Actions)
2026-02-16 19:30:00 END

2026-02-17 19:39:03 START
- RSS取得: Success (OK)
- 全件: 195 items
- Filtered: 110 items
- Translated/Processed: 110 items
- Manifest Updated: 20 dates available
- JSON生成: OK
- Deploy: OK (Scheduled via Actions)
2026-02-17 19:45:02 END

2026-02-18 19:39:00 START
- RSS取得: Success (OK)
- 全件: 194 items
- Filtered: 110 items
- Translated/Processed: 110 items
- Manifest Updated: 21 dates available
- JSON生成: OK
- Deploy: OK (Scheduled via Actions)
2026-02-18 19:46:23 END

2026-02-19 19:32:40 START
- RSS取得: Success (OK)
- 全件: 192 items
- Filtered: 110 items
- Translated/Processed: 110 items
- Manifest Updated: 22 dates available
- JSON生成: OK
- Deploy: OK (Scheduled via Actions)
2026-02-19 19:39:32 END

2026-02-20 19:29:24 START
- RSS取得: Success (OK)
- 全件: 194 items
- Filtered: 110 items
- Translated/Processed: 110 items
- Manifest Updated: 23 dates available
- JSON生成: OK
- Deploy: OK (Scheduled via Actions)
2026-02-20 19:36:04 END

2026-02-21 19:15:29 START
- RSS取得: Success (OK)
- 全件: 192 items
- Filtered: 110 items
- Translated/Processed: 110 items
- Manifest Updated: 24 dates available
- JSON生成: OK
- Deploy: OK (Scheduled via Actions)
2026-02-21 19:22:21 END

2026-02-22 19:15:42 START
- RSS取得: Success (OK)
- 全件: 196 items
- Filtered: 110 items
- Translated/Processed: 110 items
- Manifest Updated: 25 dates available
- JSON生成: OK
- Deploy: OK (Scheduled via Actions)
2026-02-22 19:23:56 END

2026-02-23 19:49:17 START
- RSS取得: Success (OK)
- 全件: 185 items
- Filtered: 110 items
- Translated/Processed: 110 items
- Manifest Updated: 26 dates available
- JSON生成: OK
- Deploy: OK (Scheduled via Actions)
2026-02-23 19:54:27 END

2026-02-24 19:42:08 START
- RSS取得: Success (OK)
- 全件: 190 items
- Filtered: 110 items
- Translated/Processed: 110 items
- Manifest Updated: 27 dates available
- JSON生成: OK
- Deploy: OK (Scheduled via Actions)
2026-02-24 19:48:20 END

2026-02-27 19:25:01 START
- RSS取得: Success (OK)
- 全件: 192 items
- Filtered: 110 items
- Translated/Processed: 110 items
- Manifest Updated: 28 dates available
- JSON生成: OK
- Deploy: OK (Scheduled via Actions)
2026-02-27 19:31:31 END

2026-02-28 19:12:17 START
- RSS取得: Success (OK)
- 全件: 196 items
- Filtered: 110 items
- Translated/Processed: 110 items
- Manifest Updated: 29 dates available
- JSON生成: OK
- Deploy: OK (Scheduled via Actions)
2026-02-28 19:16:45 END

2026-03-02 03:09:10 START
- RSS取得: Success (OK)
- 全件: 191 items
- Filtered: 110 items
- Translated/Processed: 110 items
- Manifest Updated: 30 dates available
- JSON生成: OK
- Deploy: OK (Scheduled via Actions)
2026-03-02 03:14:18 END

2026-03-02 19:28:33 START
- RSS取得: Success (OK)
- 全件: 193 items
- Filtered: 110 items
- Translated/Processed: 110 items
- Manifest Updated: 31 dates available
- JSON生成: OK
- Deploy: OK (Scheduled via Actions)
2026-03-02 19:34:00 END

2026-03-03 19:31:24 START
- RSS取得: Success (OK)
- 全件: 192 items
- Filtered: 110 items
- Translated/Processed: 110 items
- Manifest Updated: 32 dates available
- JSON生成: OK
- Deploy: OK (Scheduled via Actions)
2026-03-03 19:36:54 END

2026-03-04 19:30:06 START
- RSS取得: Success (OK)
- 全件: 192 items
- Filtered: 110 items
- Translated/Processed: 110 items
- Manifest Updated: 33 dates available
- JSON生成: OK
- Deploy: OK (Scheduled via Actions)
2026-03-04 19:35:03 END

2026-03-05 19:49:02 START
- RSS取得: Success (OK)
- 全件: 192 items
- Filtered: 110 items
- Translated/Processed: 110 items
- Manifest Updated: 34 dates available
- JSON生成: OK
- Deploy: OK (Scheduled via Actions)
2026-03-05 19:54:11 END

2026-03-10 19:30:03 START
- RSS取得: Success (OK)
- 全件: 220 items
- Filtered: 130 items
- Translated/Processed: 130 items
- Manifest Updated: 35 dates available
- JSON生成: OK
- Deploy: OK (Scheduled via Actions)
2026-03-10 19:38:37 END

2026-03-11 19:34:35 START
- RSS取得: Success (OK)
- 全件: 215 items
- Filtered: 130 items
- Translated/Processed: 130 items
- Manifest Updated: 36 dates available
- JSON生成: OK
- Deploy: OK (Scheduled via Actions)
2026-03-11 19:43:14 END

2026-03-12 19:34:12 START
- RSS取得: Success (OK)
- 全件: 196 items
- Filtered: 120 items
- Translated/Processed: 120 items
- Manifest Updated: 37 dates available
- JSON生成: OK
- Deploy: OK (Scheduled via Actions)
2026-03-12 19:42:12 END

2026-03-13 19:23:04 START
- RSS取得: Success (OK)
- 全件: 217 items
- Filtered: 130 items
- Translated/Processed: 130 items
- Manifest Updated: 38 dates available
- JSON生成: OK
- Deploy: OK (Scheduled via Actions)
2026-03-13 19:29:18 END

2026-03-14 19:18:34 START
- RSS取得: Success (OK)
- 全件: 226 items
- Filtered: 130 items
- Translated/Processed: 130 items
- Manifest Updated: 39 dates available
- JSON生成: OK
- Deploy: OK (Scheduled via Actions)
2026-03-14 19:24:42 END

2026-03-15 19:20:00 START
- RSS取得: Success (OK)
- 全件: 220 items
- Filtered: 130 items
- Translated/Processed: 130 items
- Manifest Updated: 40 dates available
- JSON生成: OK
- Deploy: OK (Scheduled via Actions)
2026-03-15 19:25:54 END

2026-03-16 19:45:03 START
- RSS取得: Success (OK)
- 全件: 215 items
- Filtered: 130 items
- Translated/Processed: 130 items
- Manifest Updated: 41 dates available
- JSON生成: OK
- Deploy: OK (Scheduled via Actions)
2026-03-16 19:52:18 END

2026-03-17 19:46:13 START
- RSS取得: Success (OK)
- 全件: 218 items
- Filtered: 130 items
- Translated/Processed: 130 items
- Manifest Updated: 42 dates available
- JSON生成: OK
- Deploy: OK (Scheduled via Actions)
2026-03-17 19:52:45 END

2026-03-18 19:40:19 START
- RSS取得: Success (OK)
- 全件: 197 items
- Filtered: 120 items
- Translated/Processed: 120 items
- Manifest Updated: 43 dates available
- JSON生成: OK
- Deploy: OK (Scheduled via Actions)
2026-03-18 19:47:59 END

2026-03-19 19:38:37 START
- RSS取得: Success (OK)
- 全件: 199 items
- Filtered: 120 items
- Translated/Processed: 120 items
- Manifest Updated: 44 dates available
- JSON生成: OK
- Deploy: OK (Scheduled via Actions)
2026-03-19 19:44:42 END

2026-03-20 19:29:24 START
- RSS取得: Success (OK)
- 全件: 222 items
- Filtered: 130 items
- Translated/Processed: 130 items
- Manifest Updated: 45 dates available
- JSON生成: OK
- Deploy: OK (Scheduled via Actions)
2026-03-20 19:36:27 END

2026-03-21 19:15:07 START
- RSS取得: Success (OK)
- 全件: 225 items
- Filtered: 130 items
- Translated/Processed: 130 items
- Manifest Updated: 46 dates available
- JSON生成: OK
- Deploy: OK (Scheduled via Actions)
2026-03-21 19:21:30 END

2026-03-22 19:17:12 START
- RSS取得: Success (OK)
- 全件: 206 items
- Filtered: 120 items
- Translated/Processed: 120 items
- Manifest Updated: 47 dates available
- JSON生成: OK
- Deploy: OK (Scheduled via Actions)
2026-03-22 19:24:15 END

2026-03-23 19:39:05 START
- RSS取得: Success (OK)
- 全件: 215 items
- Filtered: 130 items
- Translated/Processed: 130 items
- Manifest Updated: 48 dates available
- JSON生成: OK
- Deploy: OK (Scheduled via Actions)
2026-03-23 19:46:16 END

2026-03-24 19:44:51 START
- RSS取得: Success (OK)
- 全件: 218 items
- Filtered: 130 items
- Translated/Processed: 130 items
- Manifest Updated: 49 dates available
- JSON生成: OK
- Deploy: OK (Scheduled via Actions)
2026-03-24 19:52:43 END

2026-03-25 19:37:29 START
- RSS取得: Success (OK)
- 全件: 200 items
- Filtered: 120 items
- Translated/Processed: 120 items
- Manifest Updated: 50 dates available
- JSON生成: OK
- Deploy: OK (Scheduled via Actions)
2026-03-25 19:43:26 END

2026-03-26 19:47:58 START
- RSS取得: Success (OK)
- 全件: 219 items
- Filtered: 130 items
- Translated/Processed: 130 items
- Manifest Updated: 51 dates available
- JSON生成: OK
- Deploy: OK (Scheduled via Actions)
2026-03-26 19:55:17 END

2026-03-27 19:33:57 START
- RSS取得: Success (OK)
- 全件: 218 items
- Filtered: 130 items
- Translated/Processed: 130 items
- Manifest Updated: 52 dates available
- JSON生成: OK
- Deploy: OK (Scheduled via Actions)
2026-03-27 19:41:24 END

2026-03-28 19:21:37 START
- RSS取得: Success (OK)
- 全件: 225 items
- Filtered: 130 items
- Translated/Processed: 130 items
- Manifest Updated: 53 dates available
- JSON生成: OK
- Deploy: OK (Scheduled via Actions)
2026-03-28 19:29:36 END

2026-03-29 19:23:49 START
- RSS取得: Success (OK)
- 全件: 222 items
- Filtered: 130 items
- Translated/Processed: 130 items
- Manifest Updated: 54 dates available
- JSON生成: OK
- Deploy: OK (Scheduled via Actions)
2026-03-29 19:31:51 END

2026-03-30 19:45:27 START
- RSS取得: Success (OK)
- 全件: 194 items
- Filtered: 120 items
- Translated/Processed: 120 items
- Manifest Updated: 55 dates available
- JSON生成: OK
- Deploy: OK (Scheduled via Actions)
2026-03-30 19:51:14 END

2026-03-31 19:45:03 START
- RSS取得: Success (OK)
- 全件: 216 items
- Filtered: 130 items
- Translated/Processed: 130 items
- Manifest Updated: 56 dates available
- JSON生成: OK
- Deploy: OK (Scheduled via Actions)
2026-03-31 19:51:39 END

2026-04-01 19:49:29 START
- RSS取得: Success (OK)
- 全件: 219 items
- Filtered: 130 items
- Translated/Processed: 130 items
- Manifest Updated: 57 dates available
- JSON生成: OK
- Deploy: OK (Scheduled via Actions)
2026-04-01 19:56:04 END

2026-04-02 19:40:03 START
- RSS取得: Success (OK)
- 全件: 197 items
- Filtered: 120 items
- Translated/Processed: 120 items
- Manifest Updated: 58 dates available
- JSON生成: OK
- Deploy: OK (Scheduled via Actions)
2026-04-02 19:46:12 END

2026-04-03 19:30:26 START
- RSS取得: Success (OK)
- 全件: 217 items
- Filtered: 130 items
- Translated/Processed: 130 items
- Manifest Updated: 59 dates available
- JSON生成: OK
- Deploy: OK (Scheduled via Actions)
2026-04-03 19:36:18 END

2026-04-04 19:22:41 START
- RSS取得: Success (OK)
- 全件: 218 items
- Filtered: 130 items
- Translated/Processed: 130 items
- Manifest Updated: 60 dates available
- JSON生成: OK
- Deploy: OK (Scheduled via Actions)
2026-04-04 19:28:57 END

2026-04-05 19:25:49 START
- RSS取得: Success (OK)
- 全件: 222 items
- Filtered: 130 items
- Translated/Processed: 130 items
- Manifest Updated: 61 dates available
- JSON生成: OK
- Deploy: OK (Scheduled via Actions)
2026-04-05 19:31:20 END

2026-04-06 19:43:24 START
- RSS取得: Success (OK)
- 全件: 218 items
- Filtered: 130 items
- Translated/Processed: 130 items
- Manifest Updated: 62 dates available
- JSON生成: OK
- Deploy: OK (Scheduled via Actions)
2026-04-06 19:49:51 END

2026-04-07 19:47:22 START
- RSS取得: Success (OK)
- 全件: 216 items
- Filtered: 130 items
- Translated/Processed: 130 items
- Manifest Updated: 63 dates available
- JSON生成: OK
- Deploy: OK (Scheduled via Actions)
2026-04-07 19:51:14 END

2026-04-08 19:52:37 START
- RSS取得: Success (OK)
- 全件: 186 items
- Filtered: 120 items
- Translated/Processed: 120 items
- Manifest Updated: 64 dates available
- JSON生成: OK
- Deploy: OK (Scheduled via Actions)
2026-04-08 19:56:08 END

2026-04-09 05:28:38 START
- RSS取得: Success (OK)
- 全件: 189 items
- Filtered: 120 items
- Translated/Processed: 120 items
- Manifest Updated: 64 dates available
- JSON生成: OK
- Deploy: OK (Scheduled via Actions)
2026-04-09 05:33:22 END

2026-04-09 19:56:04 START
- RSS取得: Success (OK)
- 全件: 214 items
- Filtered: 130 items
- Translated/Processed: 130 items
- Manifest Updated: 65 dates available
- JSON生成: OK
- Deploy: OK (Scheduled via Actions)
2026-04-09 20:28:11 END

2026-04-10 10:42:02 START
- RSS取得: Success (OK)
- 全件: 214 items
- Filtered: 130 items
- Translated/Processed: 130 items
- Manifest Updated: 65 dates available
- JSON生成: OK
- Deploy: OK (Scheduled via Actions)
2026-04-10 11:17:59 END

2026-04-11 10:22:28 START
- RSS取得: Success (OK)
- 全件: 218 items
- Filtered: 130 items
- Translated/Processed: 130 items
- Manifest Updated: 66 dates available
- JSON生成: OK
- Deploy: OK (Scheduled via Actions)
2026-04-11 10:29:12 END

2026-04-12 10:27:34 START
- RSS取得: Success (OK)
- 全件: 221 items
- Filtered: 130 items
- Translated/Processed: 130 items
- Manifest Updated: 67 dates available
- JSON生成: OK
- Deploy: OK (Scheduled via Actions)
2026-04-12 10:36:43 END

2026-04-14 10:55:03 START
- RSS取得: Success (OK)
- 全件: 213 items
- Filtered: 130 items
- Translated/Processed: 130 items
- Manifest Updated: 68 dates available
- JSON生成: OK
- Deploy: OK (Scheduled via Actions)
2026-04-14 11:08:41 END

2026-04-15 10:51:16 START
- RSS取得: Success (OK)
- 全件: 196 items
- Filtered: 120 items
- Translated/Processed: 120 items
- Manifest Updated: 69 dates available
- JSON生成: OK
- Deploy: OK (Scheduled via Actions)
2026-04-15 10:58:44 END

2026-04-16 10:53:39 START
- RSS取得: Success (OK)
- 全件: 200 items
- Filtered: 120 items
- Translated/Processed: 120 items
- Manifest Updated: 70 dates available
- JSON生成: OK
- Deploy: OK (Scheduled via Actions)
2026-04-16 11:19:12 END

2026-04-17 10:45:26 START
- RSS取得: Success (OK)
- 全件: 220 items
- Filtered: 130 items
- Translated/Processed: 130 items
- Manifest Updated: 71 dates available
- JSON生成: OK
- Deploy: OK (Scheduled via Actions)
2026-04-17 11:16:09 END

2026-04-18 10:29:57 START
- RSS取得: Success (OK)
- 全件: 222 items
- Filtered: 130 items
- Translated/Processed: 130 items
- Manifest Updated: 72 dates available
- JSON生成: OK
- Deploy: OK (Scheduled via Actions)
2026-04-18 10:36:42 END

2026-04-19 10:29:01 START
- RSS取得: Success (OK)
- 全件: 217 items
- Filtered: 130 items
- Translated/Processed: 130 items
- Manifest Updated: 73 dates available
- JSON生成: OK
- Deploy: OK (Scheduled via Actions)
2026-04-19 10:35:35 END

2026-04-20 11:09:30 START
- RSS取得: Success (OK)
- 全件: 216 items
- Filtered: 130 items
- Translated/Processed: 130 items
- Manifest Updated: 74 dates available
- JSON生成: OK
- Deploy: OK (Scheduled via Actions)
2026-04-20 11:43:25 END

2026-04-21 10:57:19 START
- RSS取得: Success (OK)
- 全件: 218 items
- Filtered: 130 items
- Translated/Processed: 130 items
- Manifest Updated: 75 dates available
- JSON生成: OK
- Deploy: OK (Scheduled via Actions)
2026-04-21 11:14:48 END

2026-04-22 10:56:00 START
- RSS取得: Success (OK)
- 全件: 219 items
- Filtered: 130 items
- Translated/Processed: 130 items
- Manifest Updated: 76 dates available
- JSON生成: OK
- Deploy: OK (Scheduled via Actions)
2026-04-22 11:08:25 END

2026-04-23 10:59:45 START
- RSS取得: Success (OK)
- 全件: 218 items
- Filtered: 130 items
- Translated/Processed: 130 items
- Manifest Updated: 77 dates available
- JSON生成: OK
- Deploy: OK (Scheduled via Actions)
2026-04-23 11:36:39 END

2026-04-24 10:57:31 START
- RSS取得: Success (OK)
- 全件: 224 items
- Filtered: 130 items
- Translated/Processed: 130 items
- Manifest Updated: 78 dates available
- JSON生成: OK
- Deploy: OK (Scheduled via Actions)
2026-04-24 11:31:33 END

2026-04-25 10:33:21 START
- RSS取得: Success (OK)
- 全件: 221 items
- Filtered: 130 items
- Translated/Processed: 130 items
- Manifest Updated: 79 dates available
- JSON生成: OK
- Deploy: OK (Scheduled via Actions)
2026-04-25 10:40:37 END

2026-04-26 10:34:51 START
- RSS取得: Success (OK)
- 全件: 220 items
- Filtered: 130 items
- Translated/Processed: 130 items
- Manifest Updated: 80 dates available
- JSON生成: OK
- Deploy: OK (Scheduled via Actions)
2026-04-26 10:42:29 END

2026-04-27 11:29:11 START
- RSS取得: Success (OK)
- 全件: 220 items
- Filtered: 130 items
- Translated/Processed: 130 items
- Manifest Updated: 81 dates available
- JSON生成: OK
- Deploy: OK (Scheduled via Actions)
2026-04-27 11:55:28 END

2026-04-28 11:29:53 START
- RSS取得: Success (OK)
- 全件: 196 items
- Filtered: 120 items
- Translated/Processed: 120 items
- Manifest Updated: 82 dates available
- JSON生成: OK
- Deploy: OK (Scheduled via Actions)
2026-04-28 11:44:59 END

2026-04-29 11:22:34 START
- RSS取得: Success (OK)
- 全件: 218 items
- Filtered: 130 items
- Translated/Processed: 130 items
- Manifest Updated: 83 dates available
- JSON生成: OK
- Deploy: OK (Scheduled via Actions)
2026-04-29 11:59:27 END

2026-04-30 11:21:42 START
- RSS取得: Success (OK)
- 全件: 218 items
- Filtered: 130 items
- Translated/Processed: 130 items
- Manifest Updated: 84 dates available
- JSON生成: OK
- Deploy: OK (Scheduled via Actions)
2026-04-30 11:29:22 END

2026-05-01 10:59:26 START
- RSS取得: Success (OK)
- 全件: 222 items
- Filtered: 130 items
- Translated/Processed: 130 items
- Manifest Updated: 85 dates available
- JSON生成: OK
- Deploy: OK (Scheduled via Actions)
2026-05-01 11:06:10 END

2026-05-02 10:39:55 START
- RSS取得: Success (OK)
- 全件: 225 items
- Filtered: 130 items
- Translated/Processed: 130 items
- Manifest Updated: 86 dates available
- JSON生成: OK
- Deploy: OK (Scheduled via Actions)
2026-05-02 10:46:59 END

2026-05-03 10:42:05 START
- RSS取得: Success (OK)
- 全件: 224 items
- Filtered: 130 items
- Translated/Processed: 130 items
- Manifest Updated: 87 dates available
- JSON生成: OK
- Deploy: OK (Scheduled via Actions)
2026-05-03 10:48:57 END

2026-05-04 11:30:19 START
- RSS取得: Success (OK)
- 全件: 219 items
- Filtered: 130 items
- Translated/Processed: 130 items
- Manifest Updated: 88 dates available
- JSON生成: OK
- Deploy: OK (Scheduled via Actions)
2026-05-04 11:39:46 END

2026-05-05 11:08:14 START
- RSS取得: Success (OK)
- 全件: 219 items
- Filtered: 130 items
- Translated/Processed: 130 items
- Manifest Updated: 89 dates available
- JSON生成: OK
- Deploy: OK (Scheduled via Actions)
2026-05-05 11:36:29 END

2026-05-06 11:42:12 START
- RSS取得: Success (OK)
- 全件: 216 items
- Filtered: 130 items
- Translated/Processed: 130 items
- Manifest Updated: 90 dates available
- JSON生成: OK
- Deploy: OK (Scheduled via Actions)
2026-05-06 11:53:31 END

2026-05-07 11:30:56 START
- RSS取得: Success (OK)
- 全件: 219 items
- Filtered: 130 items
- Translated/Processed: 130 items
- Manifest Updated: 91 dates available
- JSON生成: OK
- Deploy: OK (Scheduled via Actions)
2026-05-07 11:39:25 END

2026-05-08 11:00:34 START
- RSS取得: Success (OK)
- 全件: 219 items
- Filtered: 130 items
- Translated/Processed: 130 items
- Manifest Updated: 92 dates available
- JSON生成: OK
- Deploy: OK (Scheduled via Actions)
2026-05-08 11:18:09 END

2026-05-09 10:44:09 START
- RSS取得: Success (OK)
- 全件: 223 items
- Filtered: 130 items
- Translated/Processed: 130 items
- Manifest Updated: 93 dates available
- JSON生成: OK
- Deploy: OK (Scheduled via Actions)
2026-05-09 10:50:11 END

2026-05-10 10:52:05 START
- RSS取得: Success (OK)
- 全件: 224 items
- Filtered: 130 items
- Translated/Processed: 130 items
- Manifest Updated: 94 dates available
- JSON生成: OK
- Deploy: OK (Scheduled via Actions)
2026-05-10 10:58:06 END

2026-05-11 12:33:13 START
- RSS取得: Success (OK)
- 全件: 201 items
- Filtered: 120 items
- Translated/Processed: 120 items
- Manifest Updated: 95 dates available
- JSON生成: OK
- Deploy: OK (Scheduled via Actions)
2026-05-11 12:40:55 END

2026-05-12 11:45:28 START
- RSS取得: Success (OK)
- 全件: 215 items
- Filtered: 130 items
- Translated/Processed: 130 items
- Manifest Updated: 96 dates available
- JSON生成: OK
- Deploy: OK (Scheduled via Actions)
2026-05-12 11:52:22 END

2026-05-13 11:53:18 START
- RSS取得: Success (OK)
- 全件: 218 items
- Filtered: 130 items
- Translated/Processed: 130 items
- Manifest Updated: 97 dates available
- JSON生成: OK
- Deploy: OK (Scheduled via Actions)
2026-05-13 12:02:19 END

2026-05-14 11:30:49 START
- RSS取得: Success (OK)
- 全件: 220 items
- Filtered: 130 items
- Translated/Processed: 130 items
- Manifest Updated: 98 dates available
- JSON生成: OK
- Deploy: OK (Scheduled via Actions)
2026-05-14 11:38:23 END

2026-05-15 11:45:52 START
- RSS取得: Success (OK)
- 全件: 223 items
- Filtered: 130 items
- Translated/Processed: 130 items
- Manifest Updated: 99 dates available
- JSON生成: OK
- Deploy: OK (Scheduled via Actions)
2026-05-15 11:52:40 END

2026-05-16 10:53:01 START
- RSS取得: Success (OK)
- 全件: 220 items
- Filtered: 130 items
- Translated/Processed: 130 items
- Manifest Updated: 100 dates available
- JSON生成: OK
- Deploy: OK (Scheduled via Actions)
2026-05-16 10:58:53 END

2026-05-17 10:57:31 START
- RSS取得: Success (OK)
- 全件: 222 items
- Filtered: 130 items
- Translated/Processed: 130 items
- Manifest Updated: 101 dates available
- JSON生成: OK
- Deploy: OK (Scheduled via Actions)
2026-05-17 11:03:51 END

2026-05-18 12:58:24 START
- RSS取得: Success (OK)
- 全件: 221 items
- Filtered: 130 items
- Translated/Processed: 130 items
- Manifest Updated: 102 dates available
- JSON生成: OK
- Deploy: OK (Scheduled via Actions)
2026-05-18 13:09:26 END

2026-05-19 12:33:09 START
- RSS取得: Success (OK)
- 全件: 201 items
- Filtered: 120 items
- Translated/Processed: 120 items
- Manifest Updated: 103 dates available
- JSON生成: OK
- Deploy: OK (Scheduled via Actions)
2026-05-19 12:56:57 END

2026-05-20 12:13:38 START
- RSS取得: Success (OK)
- 全件: 218 items
- Filtered: 130 items
- Translated/Processed: 130 items
- Manifest Updated: 104 dates available
- JSON生成: OK
- Deploy: OK (Scheduled via Actions)
2026-05-20 12:28:56 END

2026-05-21 12:37:41 START
- RSS取得: Success (OK)
- 全件: 194 items
- Filtered: 120 items
- Translated/Processed: 120 items
- Manifest Updated: 105 dates available
- JSON生成: OK
- Deploy: OK (Scheduled via Actions)
2026-05-21 12:52:40 END

2026-05-22 12:10:53 START
- RSS取得: Success (OK)
- 全件: 206 items
- Filtered: 120 items
- Translated/Processed: 120 items
- Manifest Updated: 106 dates available
- JSON生成: OK
- Deploy: OK (Scheduled via Actions)
2026-05-22 12:26:12 END

2026-05-24 11:04:55 START
- RSS取得: Success (OK)
- 全件: 221 items
- Filtered: 130 items
- Translated/Processed: 130 items
- Manifest Updated: 107 dates available
- JSON生成: OK
- Deploy: OK (Scheduled via Actions)
2026-05-24 11:10:58 END

2026-05-25 12:54:41 START
- RSS取得: Success (OK)
- 全件: 219 items
- Filtered: 130 items
- Translated/Processed: 130 items
- Manifest Updated: 108 dates available
- JSON生成: OK
- Deploy: OK (Scheduled via Actions)
2026-05-25 13:09:48 END

2026-05-26 13:31:10 START
- RSS取得: Success (OK)
- 全件: 218 items
- Filtered: 130 items
- Translated/Processed: 130 items
- Manifest Updated: 109 dates available
- JSON生成: OK
- Deploy: OK (Scheduled via Actions)
2026-05-26 13:42:14 END

2026-05-27 12:45:37 START
- RSS取得: Success (OK)
- 全件: 195 items
- Filtered: 120 items
- Translated/Processed: 120 items
- Manifest Updated: 110 dates available
- JSON生成: OK
- Deploy: OK (Scheduled via Actions)
2026-05-27 13:02:26 END

2026-05-28 12:59:58 START
- RSS取得: Success (OK)
- 全件: 222 items
- Filtered: 130 items
- Translated/Processed: 130 items
- Manifest Updated: 111 dates available
- JSON生成: OK
- Deploy: OK (Scheduled via Actions)
2026-05-28 13:18:53 END

2026-05-29 12:38:20 START
- RSS取得: Success (OK)
- 全件: 220 items
- Filtered: 130 items
- Translated/Processed: 130 items
- Manifest Updated: 112 dates available
- JSON生成: OK
- Deploy: OK (Scheduled via Actions)
2026-05-29 12:50:01 END

2026-05-30 11:09:50 START
- RSS取得: Success (OK)
- 全件: 222 items
- Filtered: 130 items
- Translated/Processed: 130 items
- Manifest Updated: 113 dates available
- JSON生成: OK
- Deploy: OK (Scheduled via Actions)
2026-05-30 11:17:55 END

2026-05-31 11:24:05 START
- RSS取得: Success (OK)
- 全件: 215 items
- Filtered: 130 items
- Translated/Processed: 130 items
- Manifest Updated: 114 dates available
- JSON生成: OK
- Deploy: OK (Scheduled via Actions)
2026-05-31 11:31:20 END

2026-06-01 15:45:38 START
- RSS取得: Success (OK)
- 全件: 215 items
- Filtered: 130 items
- Translated/Processed: 130 items
- Manifest Updated: 115 dates available
- JSON生成: OK
- Deploy: OK (Scheduled via Actions)
2026-06-01 15:53:25 END

2026-06-02 13:45:28 START
- RSS取得: Success (OK)
- 全件: 221 items
- Filtered: 130 items
- Translated/Processed: 130 items
- Manifest Updated: 115 dates available
- JSON生成: OK
- Deploy: OK (Scheduled via Actions)
2026-06-02 13:55:00 END

2026-06-03 14:18:58 START
- RSS取得: Success (OK)
- 全件: 199 items
- Filtered: 120 items
- Translated/Processed: 120 items
- Manifest Updated: 116 dates available
- JSON生成: OK
- Deploy: OK (Scheduled via Actions)
2026-06-03 14:25:34 END

2026-06-04 12:35:48 START
- RSS取得: Success (OK)
- 全件: 201 items
- Filtered: 120 items
- Translated/Processed: 120 items
- Manifest Updated: 117 dates available
- JSON生成: OK
- Deploy: OK (Scheduled via Actions)
2026-06-04 12:41:34 END

2026-06-05 12:28:59 START
- RSS取得: Success (OK)
- 全件: 222 items
- Filtered: 130 items
- Translated/Processed: 130 items
- Manifest Updated: 118 dates available
- JSON生成: OK
- Deploy: OK (Scheduled via Actions)
2026-06-05 12:35:46 END

2026-06-06 11:13:50 START
- RSS取得: Success (OK)
- 全件: 206 items
- Filtered: 120 items
- Translated/Processed: 120 items
- Manifest Updated: 119 dates available
- JSON生成: OK
- Deploy: OK (Scheduled via Actions)
2026-06-06 11:20:37 END

2026-06-07 11:40:48 START
- RSS取得: Success (OK)
- 全件: 220 items
- Filtered: 130 items
- Translated/Processed: 130 items
- Manifest Updated: 120 dates available
- JSON生成: OK
- Deploy: OK (Scheduled via Actions)
2026-06-07 11:47:43 END

2026-06-08 13:56:47 START
- RSS取得: Success (OK)
- 全件: 202 items
- Filtered: 120 items
- Translated/Processed: 120 items
- Manifest Updated: 121 dates available
- JSON生成: OK
- Deploy: OK (Scheduled via Actions)
2026-06-08 14:03:11 END

2026-06-09 12:28:34 START
- RSS取得: Success (OK)
- 全件: 220 items
- Filtered: 130 items
- Translated/Processed: 130 items
- Manifest Updated: 122 dates available
- JSON生成: OK
- Deploy: OK (Scheduled via Actions)
2026-06-09 12:35:51 END

2026-06-10 12:47:47 START
- RSS取得: Success (OK)
- 全件: 219 items
- Filtered: 130 items
- Translated/Processed: 130 items
- Manifest Updated: 123 dates available
- JSON生成: OK
- Deploy: OK (Scheduled via Actions)
2026-06-10 12:54:12 END

2026-06-11 13:47:47 START
- RSS取得: Success (OK)
- 全件: 214 items
- Filtered: 129 items
- Translated/Processed: 129 items
- Manifest Updated: 124 dates available
- JSON生成: OK
- Deploy: OK (Scheduled via Actions)
2026-06-11 13:54:16 END

2026-06-12 12:46:47 START
- RSS取得: Success (OK)
- 全件: 217 items
- Filtered: 130 items
- Translated/Processed: 130 items
- Manifest Updated: 125 dates available
- JSON生成: OK
- Deploy: OK (Scheduled via Actions)
2026-06-12 12:54:30 END

2026-06-13 11:45:02 START
- RSS取得: Success (OK)
- 全件: 226 items
- Filtered: 130 items
- Translated/Processed: 130 items
- Manifest Updated: 126 dates available
- JSON生成: OK
- Deploy: OK (Scheduled via Actions)
2026-06-13 11:51:38 END

2026-06-14 11:47:49 START
- RSS取得: Success (OK)
- 全件: 203 items
- Filtered: 120 items
- Translated/Processed: 120 items
- Manifest Updated: 127 dates available
- JSON生成: OK
- Deploy: OK (Scheduled via Actions)
2026-06-14 11:53:57 END

2026-06-15 15:34:32 START
- RSS取得: Success (OK)
- 全件: 217 items
- Filtered: 130 items
- Translated/Processed: 130 items
- Manifest Updated: 128 dates available
- JSON生成: OK
- Deploy: OK (Scheduled via Actions)
2026-06-15 15:41:40 END

2026-06-16 14:49:41 START
- RSS取得: Success (OK)
- 全件: 219 items
- Filtered: 130 items
- Translated/Processed: 130 items
- Manifest Updated: 128 dates available
- JSON生成: OK
- Deploy: OK (Scheduled via Actions)
2026-06-16 14:56:34 END

2026-06-17 13:34:44 START
- RSS取得: Success (OK)
- 全件: 196 items
- Filtered: 120 items
- Translated/Processed: 120 items
- Manifest Updated: 129 dates available
- JSON生成: OK
- Deploy: OK (Scheduled via Actions)
2026-06-17 13:41:03 END

2026-06-18 12:44:04 START
- RSS取得: Success (OK)
- 全件: 206 items
- Filtered: 120 items
- Translated/Processed: 120 items
- Manifest Updated: 130 dates available
- JSON生成: OK
- Deploy: OK (Scheduled via Actions)
2026-06-18 12:52:10 END

2026-06-19 13:25:23 START
- RSS取得: Success (OK)
- 全件: 207 items
- Filtered: 120 items
- Translated/Processed: 120 items
- Manifest Updated: 131 dates available
- JSON生成: OK
- Deploy: OK (Scheduled via Actions)
2026-06-19 13:33:31 END

2026-06-20 11:49:08 START
- RSS取得: Success (OK)
- 全件: 208 items
- Filtered: 120 items
- Translated/Processed: 120 items
- Manifest Updated: 132 dates available
- JSON生成: OK
- Deploy: OK (Scheduled via Actions)
2026-06-20 11:55:22 END

2026-06-21 12:03:22 START
- RSS取得: Success (OK)
- 全件: 202 items
- Filtered: 120 items
- Translated/Processed: 120 items
- Manifest Updated: 133 dates available
- JSON生成: OK
- Deploy: OK (Scheduled via Actions)
2026-06-21 12:09:45 END

2026-06-22 15:11:19 START
- RSS取得: Success (OK)
- 全件: 221 items
- Filtered: 130 items
- Translated/Processed: 130 items
- Manifest Updated: 134 dates available
- JSON生成: OK
- Deploy: OK (Scheduled via Actions)
2026-06-22 15:18:08 END

2026-06-23 12:26:49 START
- RSS取得: Success (OK)
- 全件: 204 items
- Filtered: 120 items
- Translated/Processed: 120 items
- Manifest Updated: 134 dates available
- JSON生成: OK
- Deploy: OK (Scheduled via Actions)
2026-06-23 12:34:29 END

2026-06-24 12:12:19 START
- RSS取得: Success (OK)
- 全件: 227 items
- Filtered: 130 items
- Translated/Processed: 130 items
- Manifest Updated: 135 dates available
- JSON生成: OK
- Deploy: OK (Scheduled via Actions)
2026-06-24 12:18:32 END

2026-06-25 12:10:01 START
- RSS取得: Success (OK)
- 全件: 228 items
- Filtered: 130 items
- Translated/Processed: 130 items
- Manifest Updated: 136 dates available
- JSON生成: OK
- Deploy: OK (Scheduled via Actions)
2026-06-25 12:16:36 END

2026-06-26 12:04:59 START
- RSS取得: Success (OK)
- 全件: 222 items
- Filtered: 130 items
- Translated/Processed: 130 items
- Manifest Updated: 137 dates available
- JSON生成: OK
- Deploy: OK (Scheduled via Actions)
2026-06-26 12:11:03 END

2026-06-27 11:17:33 START
- RSS取得: Success (OK)
- 全件: 226 items
- Filtered: 130 items
- Translated/Processed: 130 items
- Manifest Updated: 138 dates available
- JSON生成: OK
- Deploy: OK (Scheduled via Actions)
2026-06-27 11:23:40 END

2026-06-28 11:29:37 START
- RSS取得: Success (OK)
- 全件: 208 items
- Filtered: 120 items
- Translated/Processed: 120 items
- Manifest Updated: 139 dates available
- JSON生成: OK
- Deploy: OK (Scheduled via Actions)
2026-06-28 11:35:20 END

2026-06-29 13:56:31 START
- RSS取得: Success (OK)
- 全件: 222 items
- Filtered: 130 items
- Translated/Processed: 130 items
- Manifest Updated: 140 dates available
- JSON生成: OK
- Deploy: OK (Scheduled via Actions)
2026-06-29 14:03:18 END

2026-06-30 12:03:15 START
- RSS取得: Success (OK)
- 全件: 203 items
- Filtered: 120 items
- Translated/Processed: 120 items
- Manifest Updated: 141 dates available
- JSON生成: OK
- Deploy: OK (Scheduled via Actions)
2026-06-30 12:09:05 END

2026-07-01 12:25:49 START
- RSS取得: Success (OK)
- 全件: 227 items
- Filtered: 130 items
- Translated/Processed: 130 items
- Manifest Updated: 142 dates available
- JSON生成: OK
- Deploy: OK (Scheduled via Actions)
2026-07-01 12:32:31 END

2026-07-02 11:59:58 START
- RSS取得: Success (OK)
- 全件: 223 items
- Filtered: 130 items
- Translated/Processed: 130 items
- Manifest Updated: 143 dates available
- JSON生成: OK
- Deploy: OK (Scheduled via Actions)
2026-07-02 12:08:08 END

2026-07-03 11:58:06 START
- RSS取得: Success (OK)
- 全件: 222 items
- Filtered: 130 items
- Translated/Processed: 130 items
- Manifest Updated: 144 dates available
- JSON生成: OK
- Deploy: OK (Scheduled via Actions)
2026-07-03 12:06:11 END

2026-07-04 11:14:54 START
- RSS取得: Success (OK)
- 全件: 224 items
- Filtered: 130 items
- Translated/Processed: 130 items
- Manifest Updated: 145 dates available
- JSON生成: OK
- Deploy: OK (Scheduled via Actions)
2026-07-04 11:22:22 END

2026-07-05 11:20:47 START
- RSS取得: Success (OK)
- 全件: 222 items
- Filtered: 130 items
- Translated/Processed: 130 items
- Manifest Updated: 146 dates available
- JSON生成: OK
- Deploy: OK (Scheduled via Actions)
2026-07-05 11:26:34 END

2026-07-06 13:36:03 START
- RSS取得: Success (OK)
- 全件: 198 items
- Filtered: 120 items
- Translated/Processed: 120 items
- Manifest Updated: 147 dates available
- JSON生成: OK
- Deploy: OK (Scheduled via Actions)
2026-07-06 13:41:59 END

2026-07-07 12:19:23 START
- RSS取得: Success (OK)
- 全件: 216 items
- Filtered: 130 items
- Translated/Processed: 130 items
- Manifest Updated: 148 dates available
- JSON生成: OK
- Deploy: OK (Scheduled via Actions)
2026-07-07 12:26:15 END

2026-07-08 11:39:55 START
- RSS取得: Success (OK)
- 全件: 197 items
- Filtered: 120 items
- Translated/Processed: 120 items
- Manifest Updated: 149 dates available
- JSON生成: OK
- Deploy: OK (Scheduled via Actions)
2026-07-08 11:45:27 END

2026-07-09 12:28:36 START
- RSS取得: Success (OK)
- 全件: 223 items
- Filtered: 130 items
- Translated/Processed: 130 items
- Manifest Updated: 150 dates available
- JSON生成: OK
- Deploy: OK (Scheduled via Actions)
2026-07-09 12:35:56 END

2026-07-10 12:16:58 START
- RSS取得: Success (OK)
- 全件: 224 items
- Filtered: 130 items
- Translated/Processed: 130 items
- Manifest Updated: 151 dates available
- JSON生成: OK
- Deploy: OK (Scheduled via Actions)
2026-07-10 12:24:29 END

2026-07-11 10:50:34 START
- RSS取得: Success (OK)
- 全件: 208 items
- Filtered: 120 items
- Translated/Processed: 120 items
- Manifest Updated: 152 dates available
- JSON生成: OK
- Deploy: OK (Scheduled via Actions)
2026-07-11 10:56:49 END

2026-07-12 11:01:59 START
- RSS取得: Success (OK)
- 全件: 225 items
- Filtered: 130 items
- Translated/Processed: 130 items
- Manifest Updated: 153 dates available
- JSON生成: OK
- Deploy: OK (Scheduled via Actions)
2026-07-12 11:12:39 END

2026-07-13 12:24:17 START
- RSS取得: Success (OK)
- 全件: 223 items
- Filtered: 130 items
- Translated/Processed: 130 items
- Manifest Updated: 154 dates available
- JSON生成: OK
- Deploy: OK (Scheduled via Actions)
2026-07-13 12:31:22 END

2026-07-14 11:14:48 START
- RSS取得: Success (OK)
- 全件: 200 items
- Filtered: 120 items
- Translated/Processed: 120 items
- Manifest Updated: 155 dates available
- JSON生成: OK
- Deploy: OK (Scheduled via Actions)
2026-07-14 11:20:42 END

2026-07-15 11:18:34 START
- RSS取得: Success (OK)
- 全件: 200 items
- Filtered: 120 items
- Translated/Processed: 120 items
- Manifest Updated: 156 dates available
- JSON生成: OK
- Deploy: OK (Scheduled via Actions)
2026-07-15 11:25:51 END

2026-07-16 11:24:13 START
- RSS取得: Success (OK)
- 全件: 221 items
- Filtered: 130 items
- Translated/Processed: 130 items
- Manifest Updated: 157 dates available
- JSON生成: OK
- Deploy: OK (Scheduled via Actions)
2026-07-16 11:30:23 END

2026-07-17 11:11:47 START
- RSS取得: Success (OK)
- 全件: 225 items
- Filtered: 130 items
- Translated/Processed: 130 items
- Manifest Updated: 158 dates available
- JSON生成: OK
- Deploy: OK (Scheduled via Actions)
2026-07-17 11:18:25 END

